#
# There is insufficient memory for the Java Runtime Environment to continue.
# Native memory allocation (malloc) failed to allocate 1048576 bytes for AllocateHeap
# Possible reasons:
#   The system is out of physical RAM or swap space
#   The process is running with CompressedOops enabled, and the Java Heap may be blocking the growth of the native heap
# Possible solutions:
#   Reduce memory load on the system
#   Increase physical memory or swap space
#   Check if swap backing store is full
#   Decrease Java heap size (-Xmx/-Xms)
#   Decrease number of Java threads
#   Decrease Java thread stack sizes (-Xss)
#   Set larger code cache with -XX:ReservedCodeCacheSize=
#   JVM is running with Unscaled Compressed Oops mode in which the Java heap is
#     placed in the first 4GB address space. The Java Heap base address is the
#     maximum limit for the native heap growth. Please use -XX:HeapBaseMinAddress
#     to set the Java Heap base and to place the Java Heap above 4GB virtual address.
# This output file may be truncated or incomplete.
#
#  Out of Memory Error (memory/allocation.inline.hpp:61), pid=16368, tid=0x0000000000002a00
#
# JRE version:  (8.0_202-b08) (build )
# Java VM: Java HotSpot(TM) 64-Bit Server VM (25.202-b08 mixed mode windows-amd64 compressed oops)
# Failed to write core dump. Minidumps are not enabled by default on client versions of Windows
#

---------------  T H R E A D  ---------------

Current thread (0x00000000026ee800):  JavaThread "Unknown thread" [_thread_in_vm, id=10752, stack(0x00000000025b0000,0x00000000026b0000)]

Stack: [0x00000000025b0000,0x00000000026b0000]
[error occurred during error reporting (printing stack bounds), id 0xc0000005]

Native frames: (J=compiled Java code, j=interpreted, Vv=VM code, C=native code)


---------------  P R O C E S S  ---------------

Java Threads: ( => current thread )

Other Threads:

=>0x00000000026ee800 (exited) JavaThread "Unknown thread" [_thread_in_vm, id=10752, stack(0x00000000025b0000,0x00000000026b0000)]

VM state:not at safepoint (normal execution)

VM Mutex/Monitor currently owned by a thread: None

heap address: 0x00000000c2400000, size: 988 MB, Compressed Oops mode: 32-bit
Narrow klass base: 0x0000000000000000, Narrow klass shift: 3
Compressed class space size: 1073741824 Address: 0x0000000100000000

Heap:
 PSYoungGen      total 18432K, used 317K [0x00000000eb700000, 0x00000000ecb80000, 0x0000000100000000)
  eden space 15872K, 2% used [0x00000000eb700000,0x00000000eb74f5d0,0x00000000ec680000)
  from space 2560K, 0% used [0x00000000ec900000,0x00000000ec900000,0x00000000ecb80000)
  to   space 2560K, 0% used [0x00000000ec680000,0x00000000ec680000,0x00000000ec900000)
 ParOldGen       total 42496K, used 0K [0x00000000c2400000, 0x00000000c4d80000, 0x00000000eb700000)
  object space 42496K, 0% used [0x00000000c2400000,0x00000000c2400000,0x00000000c4d80000)
 Metaspace       used 775K, capacity 4480K, committed 4480K, reserved 1056768K
  class space    used 76K, capacity 384K, committed 384K, reserved 1048576K

Card table byte_map: [0x0000000011bb0000,0x0000000011da0000] byte_map_base: 0x000000001159e000

Marking Bits: (ParMarkBitMap*) 0x0000000051c95ce0
 Begin Bits: [0x00000000122f0000, 0x0000000013260000)
 End Bits:   [0x0000000013260000, 0x00000000141d0000)

Polling page: 0x00000000024c0000

CodeCache: size=245760Kb used=328Kb max_used=328Kb free=245431Kb
 bounds [0x00000000027f0000, 0x0000000002a60000, 0x00000000117f0000]
 total_blobs=58 nmethods=0 adapters=38
 compilation: enabled

Compilation events (0 events):
No events

GC Heap History (0 events):
No events

Deoptimization events (0 events):
No events

Classes redefined (0 events):
No events

Internal exceptions (0 events):
No events

Events (10 events):
Event: 0.024 loading class java/lang/Short
Event: 0.024 loading class java/lang/Short done
Event: 0.024 loading class java/lang/Integer
Event: 0.024 loading class java/lang/Integer done
Event: 0.024 loading class java/lang/Long
Event: 0.024 loading class java/lang/Long done
Event: 0.025 loading class java/lang/NullPointerException
Event: 0.025 loading class java/lang/NullPointerException done
Event: 0.025 loading class java/lang/ArithmeticException
Event: 0.025 loading class java/lang/ArithmeticException done


Dynamic libraries:
0x00007ff69fcb0000 - 0x00007ff69fce7000 	C:\Program Files\Java\jdk1.8.0_202\bin\java.exe
0x00007ffe70210000 - 0x00007ffe70408000 	C:\Windows\SYSTEM32\ntdll.dll
0x00007ffe6f560000 - 0x00007ffe6f61d000 	C:\Windows\System32\KERNEL32.DLL
0x00007ffe6dcf0000 - 0x00007ffe6dfe6000 	C:\Windows\System32\KERNELBASE.dll
0x00007ffe6acf0000 - 0x00007ffe6ad80000 	C:\Windows\SYSTEM32\apphelp.dll
0x00007ffe6f120000 - 0x00007ffe6f1d0000 	C:\Windows\System32\ADVAPI32.dll
0x00007ffe6eed0000 - 0x00007ffe6ef6e000 	C:\Windows\System32\msvcrt.dll
0x00007ffe6e520000 - 0x00007ffe6e5c0000 	C:\Windows\System32\sechost.dll
0x00007ffe6f980000 - 0x00007ffe6faa3000 	C:\Windows\System32\RPCRT4.dll
0x00007ffe6dff0000 - 0x00007ffe6e017000 	C:\Windows\System32\bcrypt.dll
0x00007ffe6e270000 - 0x00007ffe6e40f000 	C:\Windows\System32\USER32.dll
0x00007ffe6d9c0000 - 0x00007ffe6d9e2000 	C:\Windows\System32\win32u.dll
0x00007ffe6e240000 - 0x00007ffe6e26b000 	C:\Windows\System32\GDI32.dll
0x00007ffe6e0b0000 - 0x00007ffe6e1c7000 	C:\Windows\System32\gdi32full.dll
0x00007ffe6dc50000 - 0x00007ffe6dced000 	C:\Windows\System32\msvcp_win.dll
0x00007ffe6db50000 - 0x00007ffe6dc50000 	C:\Windows\System32\ucrtbase.dll
0x00007ffe56140000 - 0x00007ffe563da000 	C:\Windows\WinSxS\amd64_microsoft.windows.common-controls_6595b64144ccf1df_6.0.19041.3636_none_60b6a03d71f818d5\COMCTL32.dll
0x00007ffe70190000 - 0x00007ffe701c2000 	C:\Windows\System32\IMM32.DLL
0x0000000051390000 - 0x0000000051462000 	C:\Program Files\Java\jdk1.8.0_202\jre\bin\msvcr100.dll
0x0000000051470000 - 0x0000000051d15000 	C:\Program Files\Java\jdk1.8.0_202\jre\bin\server\jvm.dll
0x00007ffe6ff20000 - 0x00007ffe6ff28000 	C:\Windows\System32\PSAPI.DLL
0x00007ffe69190000 - 0x00007ffe69199000 	C:\Windows\SYSTEM32\WSOCK32.dll
0x00007ffe566f0000 - 0x00007ffe56717000 	C:\Windows\SYSTEM32\WINMM.dll
0x00007ffe64f80000 - 0x00007ffe64f8a000 	C:\Windows\SYSTEM32\VERSION.dll
0x00007ffe6f4f0000 - 0x00007ffe6f55b000 	C:\Windows\System32\WS2_32.dll
0x00007ffe5ec20000 - 0x00007ffe5ec2f000 	C:\Program Files\Java\jdk1.8.0_202\jre\bin\verify.dll
0x00007ffe508f0000 - 0x00007ffe50919000 	C:\Program Files\Java\jdk1.8.0_202\jre\bin\java.dll
0x00007ffe59650000 - 0x00007ffe59666000 	C:\Program Files\Java\jdk1.8.0_202\jre\bin\zip.dll

VM Arguments:
jvm_args: -Dfile.encoding=UTF-8 
java_command: quiz.application.Login
java_class_path (initial): C:\JAVA SEM2\Internship Project 2\Quiz Application\build\classes
Launcher Type: SUN_STANDARD

Environment Variables:
PATH=C:\Program Files (x86)\Common Files\Oracle\Java\javapath;C:\oraclexe\app\oracle\product\10.2.0\server\bin;C:\oracle\product\10.2.0\db_2\bin;C:\Program Files\Python312\Scripts\;C:\Program Files\Python312\;C:\oracle\product\10.2.0\db_1\bin;C:\Windows\system32;C:\Windows;C:\Windows\System32\Wbem;C:\Windows\System32\WindowsPowerShell\v1.0\;C:\Windows\System32\OpenSSH\;E:\Software\c\bin;E:\Software\perl\site\bin;E:\Software\perl\bin;C:\MinGW\bin;C:\Program Files\MySQL\MySQL Server 8.0\bin;C:\Program Files\Java\jdk1.8.0_202\bin;C:\Users\PIYUSH KUNDDU\AppData\Local\Microsoft\WindowsApps;C:\MinGW\bin;C:\Users\PIYUSH KUNDDU\AppData\Local\Programs\Microsoft VS Code\bin
USERNAME=SHREYA SINGHA
OS=Windows_NT
PROCESSOR_IDENTIFIER=Intel64 Family 6 Model 142 Stepping 12, GenuineIntel



---------------  S Y S T E M  ---------------

OS: Windows 10.0 , 64 bit Build 19041 (10.0.19041.3636)

CPU:total 4 (initial active 4) (2 cores per cpu, 2 threads per core) family 6 model 142 stepping 12, cmov, cx8, fxsr, mmx, sse, sse2, sse3, ssse3, sse4.1, sse4.2, popcnt, avx, avx2, aes, clmul, erms, 3dnowpref, lzcnt, ht, tsc, tscinvbit, bmi1, bmi2, adx

Memory: 4k page, physical 4039388k(399932k free), swap 16622300k(5528k free)

vm_info: Java HotSpot(TM) 64-Bit Server VM (25.202-b08) for windows-amd64 JRE (1.8.0_202-b08), built on Dec 15 2018 19:54:30 by "java_re" with MS VC++ 10.0 (VS2010)

time: Sun Apr 28 16:58:20 2024
timezone: India Standard Time
elapsed time: 0 seconds (0d 0h 0m 0s)

